<?xml version="1.0" encoding="UTF-8"?>
<!-- Generated by org.testng.reporters.JUnitReportReporter -->
<testsuite skipped="0" hostname="DESKTOP-MEGCP4U" name="tnm_review_US_main.CreateRequest_US" tests="13" failures="0" timestamp="2021-11-22T14:58:48 IST" time="90.412" errors="0">
  <testcase name="RIPC_Login" time="38.061" classname="tnm_review_US_main.CreateRequest_US"/>
  <system-out/>
  <testcase name="switching_insta" time="6.235" classname="tnm_review_US_main.CreateRequest_US"/>
  <system-out/>
  <testcase name="create_req" time="0.699" classname="tnm_review_US_main.CreateRequest_US"/>
  <system-out/>
  <testcase name="switch_cntry" time="1.283" classname="tnm_review_US_main.CreateRequest_US"/>
  <system-out/>
  <testcase name="skill_req" time="1.703" classname="tnm_review_US_main.CreateRequest_US"/>
  <system-out/>
  <testcase name="chang_requestor" time="2.345" classname="tnm_review_US_main.CreateRequest_US"/>
  <system-out/>
  <testcase name="select_requestor" time="5.688" classname="tnm_review_US_main.CreateRequest_US"/>
  <system-out/>
  <testcase name="select_jrss" time="2.229" classname="tnm_review_US_main.CreateRequest_US"/>
  <system-out/>
  <testcase name="req_details" time="9.635" classname="tnm_review_US_main.CreateRequest_US"/>
  <system-out/>
  <testcase name="loc_details" time="7.665" classname="tnm_review_US_main.CreateRequest_US"/>
  <system-out/>
  <testcase name="alert_call" time="0.008" classname="tnm_review_US_main.CreateRequest_US"/>
  <system-out/>
  <testcase name="rates_details" time="4.847" classname="tnm_review_US_main.CreateRequest_US"/>
  <system-out/>
  <testcase name="sup_slection" time="10.014" classname="tnm_review_US_main.CreateRequest_US"/>
  <system-out/>
</testsuite> <!-- tnm_review_US_main.CreateRequest_US -->
