<?xml version="1.0" encoding="UTF-8"?>
<!-- Generated by org.testng.reporters.JUnitReportReporter -->
<testsuite skipped="0" hostname="DESKTOP-MEGCP4U" name="tnm_review_IND_main.CreateRequest_IND" tests="10" failures="0" timestamp="2020-12-17T17:39:05 IST" time="271.776" errors="0">
  <testcase name="RIPC_Login" time="189.701" classname="tnm_review_IND_main.CreateRequest_IND"/>
  <system-out/>
  <testcase name="create_req" time="3.220" classname="tnm_review_IND_main.CreateRequest_IND"/>
  <system-out/>
  <testcase name="skill_req" time="2.619" classname="tnm_review_IND_main.CreateRequest_IND"/>
  <system-out/>
  <testcase name="select_requestor" time="19.673" classname="tnm_review_IND_main.CreateRequest_IND"/>
  <system-out/>
  <testcase name="select_jrss" time="5.306" classname="tnm_review_IND_main.CreateRequest_IND"/>
  <system-out/>
  <testcase name="req_details" time="11.060" classname="tnm_review_IND_main.CreateRequest_IND"/>
  <system-out/>
  <testcase name="loc_details" time="15.422" classname="tnm_review_IND_main.CreateRequest_IND"/>
  <system-out/>
  <testcase name="alert_call" time="0.005" classname="tnm_review_IND_main.CreateRequest_IND"/>
  <system-out/>
  <testcase name="rates_details" time="9.849" classname="tnm_review_IND_main.CreateRequest_IND"/>
  <system-out/>
  <testcase name="sup_slection" time="14.921" classname="tnm_review_IND_main.CreateRequest_IND"/>
  <system-out/>
</testsuite> <!-- tnm_review_IND_main.CreateRequest_IND -->
