<?xml version="1.0" encoding="UTF-8"?>
<!-- Generated by org.testng.reporters.JUnitReportReporter -->
<testsuite skipped="0" hostname="DESKTOP-MEGCP4U" name="tnm_review_GB_main.CreateRequest_GB" tests="13" failures="0" timestamp="2021-11-22T15:45:44 IST" time="176.673" errors="0">
  <testcase name="RIPC_Login" time="112.622" classname="tnm_review_GB_main.CreateRequest_GB"/>
  <system-out/>
  <testcase name="switching_insta" time="5.859" classname="tnm_review_GB_main.CreateRequest_GB"/>
  <system-out/>
  <testcase name="create_req" time="0.720" classname="tnm_review_GB_main.CreateRequest_GB"/>
  <system-out/>
  <testcase name="switch_cntry" time="1.858" classname="tnm_review_GB_main.CreateRequest_GB"/>
  <system-out/>
  <testcase name="skill_req" time="1.765" classname="tnm_review_GB_main.CreateRequest_GB"/>
  <system-out/>
  <testcase name="chang_requestor" time="3.143" classname="tnm_review_GB_main.CreateRequest_GB"/>
  <system-out/>
  <testcase name="select_requestor" time="6.267" classname="tnm_review_GB_main.CreateRequest_GB"/>
  <system-out/>
  <testcase name="select_jrss" time="2.898" classname="tnm_review_GB_main.CreateRequest_GB"/>
  <system-out/>
  <testcase name="req_details" time="15.986" classname="tnm_review_GB_main.CreateRequest_GB"/>
  <system-out/>
  <testcase name="loc_details" time="7.205" classname="tnm_review_GB_main.CreateRequest_GB"/>
  <system-out/>
  <testcase name="alert_call" time="0.012" classname="tnm_review_GB_main.CreateRequest_GB"/>
  <system-out/>
  <testcase name="rates_details" time="7.388" classname="tnm_review_GB_main.CreateRequest_GB"/>
  <system-out/>
  <testcase name="sup_slection" time="10.950" classname="tnm_review_GB_main.CreateRequest_GB"/>
  <system-out/>
</testsuite> <!-- tnm_review_GB_main.CreateRequest_GB -->
